#
# A fatal error has been detected by the Java Runtime Environment:
#
#  Internal Error (classFileParser.cpp:3494), pid=5240, tid=5196
#  Error: ShouldNotReachHere()
#
# JRE version: 6.0_43-b01
# Java VM: Java HotSpot(TM) 64-Bit Server VM (20.14-b01 mixed mode windows-amd64 compressed oops)
# If you would like to submit a bug report, please visit:
#   http://java.sun.com/webapps/bugreport/crash.jsp
#

---------------  T H R E A D  ---------------

Current thread (0x000000000050c000):  JavaThread "Unknown thread" [_thread_in_vm, id=5196, stack(0x0000000002100000,0x0000000002200000)]

Stack: [0x0000000002100000,0x0000000002200000]
[error occurred during error reporting (printing stack bounds), id 0xc0000005]


---------------  P R O C E S S  ---------------

Java Threads: ( => current thread )

Other Threads:

=>0x000000000050c000 (exited) JavaThread "Unknown thread" [_thread_in_vm, id=5196, stack(0x0000000002100000,0x0000000002200000)]

VM state:not at safepoint (not fully initialized)

VM Mutex/Monitor currently owned by a thread: None

Dynamic libraries:
0x0000000000400000 - 0x000000000042f000 	E:\java\Java\jdk1.6.0_43\bin\javaw.exe
0x00000000772d0000 - 0x0000000077479000 	C:\Windows\SYSTEM32\ntdll.dll
0x0000000076cb0000 - 0x0000000076dcf000 	C:\Windows\system32\kernel32.dll
0x000007fefd650000 - 0x000007fefd6bc000 	C:\Windows\system32\KERNELBASE.dll
0x000007fefed60000 - 0x000007fefee3b000 	C:\Windows\system32\ADVAPI32.dll
0x000007feff0f0000 - 0x000007feff18f000 	C:\Windows\system32\msvcrt.dll
0x000007fefeb10000 - 0x000007fefeb2f000 	C:\Windows\SYSTEM32\sechost.dll
0x000007fefefc0000 - 0x000007feff0ed000 	C:\Windows\system32\RPCRT4.dll
0x0000000077070000 - 0x000000007716a000 	C:\Windows\system32\USER32.dll
0x000007fefef40000 - 0x000007fefefa7000 	C:\Windows\system32\GDI32.dll
0x000007fefefb0000 - 0x000007fefefbe000 	C:\Windows\system32\LPK.dll
0x000007fefd970000 - 0x000007fefda39000 	C:\Windows\system32\USP10.dll
0x000007feff320000 - 0x000007feff34e000 	C:\Windows\system32\IMM32.DLL
0x000007feff1c0000 - 0x000007feff2c9000 	C:\Windows\system32\MSCTF.dll
0x000007fefd4c0000 - 0x000007fefd4f1000 	C:\Windows\system32\nvinitx.dll
0x000000000f000000 - 0x000000000f006000 	C:\Program Files\NVIDIA Corporation\CoProcManager\_etoured.dll
0x000007fef99c0000 - 0x000007fef9a1f000 	C:\Program Files\NVIDIA Corporation\CoProcManager\nvd3d9wrapx.dll
0x000007fefe850000 - 0x000007fefea27000 	C:\Windows\system32\SETUPAPI.dll
0x000007fefd5b0000 - 0x000007fefd5e6000 	C:\Windows\system32\CFGMGR32.dll
0x000007fefea30000 - 0x000007fefeb07000 	C:\Windows\system32\OLEAUT32.dll
0x000007feff350000 - 0x000007feff553000 	C:\Windows\system32\ole32.dll
0x000007fefd730000 - 0x000007fefd74a000 	C:\Windows\system32\DEVOBJ.dll
0x000007fef9970000 - 0x000007fef99b6000 	C:\Program Files\NVIDIA Corporation\CoProcManager\nvdxgiwrapx.dll
0x000000006d8c0000 - 0x000000006e07c000 	E:\java\Java\jdk1.6.0_43\jre\bin\server\jvm.dll
0x000007fefd6f0000 - 0x000007fefd72b000 	C:\Windows\system32\WINMM.dll
0x000000006d830000 - 0x000000006d83e000 	E:\java\Java\jdk1.6.0_43\jre\bin\verify.dll
0x000000006d450000 - 0x000000006d477000 	E:\java\Java\jdk1.6.0_43\jre\bin\java.dll
0x000000006d880000 - 0x000000006d892000 	E:\java\Java\jdk1.6.0_43\jre\bin\zip.dll
0x00000000774a0000 - 0x00000000774a7000 	C:\Windows\system32\PSAPI.DLL

VM Arguments:
jvm_args: -Dfile.encoding=UTF-8 -Xbootclasspath:D:\sdk\sdk\platforms\android-20\android.jar 
java_command: org.eclipse.jdt.internal.junit.runner.RemoteTestRunner -version 3 -port 51051 -testLoaderClass org.eclipse.jdt.internal.junit.runner.junit3.JUnit3TestLoader -loaderpluginname org.eclipse.jdt.junit.runtime -classNames com.example.timemanager.test.WeekPlantest
Launcher Type: SUN_STANDARD

Environment Variables:
JAVA_HOME=E:\java\Java\jdk1.6.0_43
CLASSPATH=.;E:\java\Java\jdk1.6.0_43\lib;E:\java\Java\jdk1.6.0_43\lib\dt.jar;E:\java\Java\jdk1.6.0_43\lib\tools.jar;
PATH=E:/java/Java/jdk1.6.0_43/bin/../jre/bin/server;E:/java/Java/jdk1.6.0_43/bin/../jre/bin;E:/java/Java/jdk1.6.0_43/bin/../jre/lib/amd64;E:\apache-maven-3.2.3\bin;D:\sdk\sdk\tools;C:\Program Files (x86)\NVIDIA Corporation\PhysX\Common;E:\java\Java\jdk1.6.0_43\bin;E:\java\Java\jre6\bin;E:\64\EmEditor;C:\Program Files (x86)\Git\bin;C:\Program Files\TortoiseGit\bin;E:\64\bin;E:\64\MySql\bin;D:\AndroidSdk\eclipse-java-juno-SR2-win32-x86_64\eclipse;
USERNAME=jat
OS=Windows_NT
PROCESSOR_IDENTIFIER=Intel64 Family 6 Model 60 Stepping 3, GenuineIntel



---------------  S Y S T E M  ---------------

OS: Windows 7 , 64 bit Build 7601 Service Pack 1

CPU:total 4 (2 cores per cpu, 2 threads per core) family 6 model 60 stepping 3, cmov, cx8, fxsr, mmx, sse, sse2, sse3, ssse3, sse4.1, sse4.2, popcnt, ht

Memory: 4k page, physical 8081652k(4222740k free), swap 16161440k(11292320k free)

vm_info: Java HotSpot(TM) 64-Bit Server VM (20.14-b01) for windows-amd64 JRE (1.6.0_43-b01), built on Mar  1 2013 01:52:33 by "java_re" with MS VC++ 8.0 (VS2005)

time: Sat Nov 15 20:11:03 2014
elapsed time: 0 seconds

